# JRE version: Java(TM) SE Runtime Environment (8.0_341-b10) (build 1.8.0_341-b10)
# Java VM: Java HotSpot(TM) 64-Bit Server VM (25.341-b10 mixed mode windows-amd64 compressed oops)
Heap:
 PSYoungGen      total 141312K, used 66205K [0x00000000d5900000, 0x00000000deb00000, 0x0000000100000000)
  eden space 133120K, 49% used [0x00000000d5900000,0x00000000d99a75e8,0x00000000ddb00000)
  from space 8192K, 0% used [0x00000000de300000,0x00000000de300000,0x00000000deb00000)
  to   space 8192K, 0% used [0x00000000ddb00000,0x00000000ddb00000,0x00000000de300000)
 ParOldGen       total 50688K, used 6181K [0x0000000080a00000, 0x0000000083b80000, 0x00000000d5900000)
  object space 50688K, 12% used [0x0000000080a00000,0x0000000081009588,0x0000000083b80000)
 Metaspace       used 24690K, capacity 26210K, committed 26240K, reserved 1071104K
  class space    used 3412K, capacity 3711K, committed 3712K, reserved 1048576K
GC Heap History (10 events):
Event: 1.233 GC heap before
{Heap before GC invocations=3 (full 0):
 PSYoungGen      total 38400K, used 38368K [0x00000000d5900000, 0x00000000da400000, 0x0000000100000000)
  eden space 33280K, 100% used [0x00000000d5900000,0x00000000d7980000,0x00000000d7980000)
  from space 5120K, 99% used [0x00000000d7e80000,0x00000000d8378250,0x00000000d8380000)
  to   space 5120K, 0% used [0x00000000d7980000,0x00000000d7980000,0x00000000d7e80000)
 ParOldGen       total 87552K, used 1879K [0x0000000080a00000, 0x0000000085f80000, 0x00000000d5900000)
  object space 87552K, 2% used [0x0000000080a00000,0x0000000080bd5cf0,0x0000000085f80000)
 Metaspace       used 18284K, capacity 19024K, committed 19072K, reserved 1064960K
  class space    used 2438K, capacity 2641K, committed 2688K, reserved 1048576K
Event: 1.239 GC heap after
Heap after GC invocations=3 (full 0):
 PSYoungGen      total 38400K, used 5112K [0x00000000d5900000, 0x00000000da400000, 0x0000000100000000)
  eden space 33280K, 0% used [0x00000000d5900000,0x00000000d5900000,0x00000000d7980000)
  from space 5120K, 99% used [0x00000000d7980000,0x00000000d7e7e0e8,0x00000000d7e80000)
  to   space 5120K, 0% used [0x00000000d9f00000,0x00000000d9f00000,0x00000000da400000)
 ParOldGen       total 87552K, used 3993K [0x0000000080a00000, 0x0000000085f80000, 0x00000000d5900000)
  object space 87552K, 4% used [0x0000000080a00000,0x0000000080de6778,0x0000000085f80000)
 Metaspace       used 18284K, capacity 19024K, committed 19072K, reserved 1064960K
  class space    used 2438K, capacity 2641K, committed 2688K, reserved 1048576K
}
Event: 1.494 GC heap before
{Heap before GC invocations=4 (full 0):
 PSYoungGen      total 38400K, used 38392K [0x00000000d5900000, 0x00000000da400000, 0x0000000100000000)
  eden space 33280K, 100% used [0x00000000d5900000,0x00000000d7980000,0x00000000d7980000)
  from space 5120K, 99% used [0x00000000d7980000,0x00000000d7e7e0e8,0x00000000d7e80000)
  to   space 5120K, 0% used [0x00000000d9f00000,0x00000000d9f00000,0x00000000da400000)
 ParOldGen       total 87552K, used 3993K [0x0000000080a00000, 0x0000000085f80000, 0x00000000d5900000)
  object space 87552K, 4% used [0x0000000080a00000,0x0000000080de6778,0x0000000085f80000)
 Metaspace       used 19952K, capacity 20844K, committed 21120K, reserved 1067008K
  class space    used 2657K, capacity 2887K, committed 2944K, reserved 1048576K
Event: 1.500 GC heap after
Heap after GC invocations=4 (full 0):
 PSYoungGen      total 71680K, used 5098K [0x00000000d5900000, 0x00000000da400000, 0x0000000100000000)
  eden space 66560K, 0% used [0x00000000d5900000,0x00000000d5900000,0x00000000d9a00000)
  from space 5120K, 99% used [0x00000000d9f00000,0x00000000da3fabd8,0x00000000da400000)
  to   space 5120K, 0% used [0x00000000d9a00000,0x00000000d9a00000,0x00000000d9f00000)
 ParOldGen       total 87552K, used 6486K [0x0000000080a00000, 0x0000000085f80000, 0x00000000d5900000)
  object space 87552K, 7% used [0x0000000080a00000,0x0000000081055bb8,0x0000000085f80000)
 Metaspace       used 19952K, capacity 20844K, committed 21120K, reserved 1067008K
  class space    used 2657K, capacity 2887K, committed 2944K, reserved 1048576K
}
Event: 1.667 GC heap before
{Heap before GC invocations=5 (full 0):
 PSYoungGen      total 71680K, used 71658K [0x00000000d5900000, 0x00000000da400000, 0x0000000100000000)
  eden space 66560K, 100% used [0x00000000d5900000,0x00000000d9a00000,0x00000000d9a00000)
  from space 5120K, 99% used [0x00000000d9f00000,0x00000000da3fabd8,0x00000000da400000)
  to   space 5120K, 0% used [0x00000000d9a00000,0x00000000d9a00000,0x00000000d9f00000)
 ParOldGen       total 87552K, used 6486K [0x0000000080a00000, 0x0000000085f80000, 0x00000000d5900000)
  object space 87552K, 7% used [0x0000000080a00000,0x0000000081055bb8,0x0000000085f80000)
 Metaspace       used 20261K, capacity 21204K, committed 21296K, reserved 1067008K
  class space    used 2708K, capacity 2935K, committed 2944K, reserved 1048576K
Event: 1.673 GC heap after
Heap after GC invocations=5 (full 0):
 PSYoungGen      total 71680K, used 5097K [0x00000000d5900000, 0x00000000deb00000, 0x0000000100000000)
  eden space 66560K, 0% used [0x00000000d5900000,0x00000000d5900000,0x00000000d9a00000)
  from space 5120K, 99% used [0x00000000d9a00000,0x00000000d9efa498,0x00000000d9f00000)
  to   space 8192K, 0% used [0x00000000de300000,0x00000000de300000,0x00000000deb00000)
 ParOldGen       total 87552K, used 7991K [0x0000000080a00000, 0x0000000085f80000, 0x00000000d5900000)
  object space 87552K, 9% used [0x0000000080a00000,0x00000000811cde60,0x0000000085f80000)
 Metaspace       used 20261K, capacity 21204K, committed 21296K, reserved 1067008K
  class space    used 2708K, capacity 2935K, committed 2944K, reserved 1048576K
}
Event: 1.701 GC heap before
{Heap before GC invocations=6 (full 0):
 PSYoungGen      total 71680K, used 13953K [0x00000000d5900000, 0x00000000deb00000, 0x0000000100000000)
  eden space 66560K, 13% used [0x00000000d5900000,0x00000000d61a6128,0x00000000d9a00000)
  from space 5120K, 99% used [0x00000000d9a00000,0x00000000d9efa498,0x00000000d9f00000)
  to   space 8192K, 0% used [0x00000000de300000,0x00000000de300000,0x00000000deb00000)
 ParOldGen       total 87552K, used 7991K [0x0000000080a00000, 0x0000000085f80000, 0x00000000d5900000)
  object space 87552K, 9% used [0x0000000080a00000,0x00000000811cde60,0x0000000085f80000)
 Metaspace       used 20404K, capacity 21294K, committed 21296K, reserved 1067008K
  class space    used 2727K, capacity 2942K, committed 2944K, reserved 1048576K
Event: 1.706 GC heap after
Heap after GC invocations=6 (full 0):
 PSYoungGen      total 141312K, used 4795K [0x00000000d5900000, 0x00000000deb00000, 0x0000000100000000)
  eden space 133120K, 0% used [0x00000000d5900000,0x00000000d5900000,0x00000000ddb00000)
  from space 8192K, 58% used [0x00000000de300000,0x00000000de7aed98,0x00000000deb00000)
  to   space 8192K, 0% used [0x00000000ddb00000,0x00000000ddb00000,0x00000000de300000)
 ParOldGen       total 87552K, used 7999K [0x0000000080a00000, 0x0000000085f80000, 0x00000000d5900000)
  object space 87552K, 9% used [0x0000000080a00000,0x00000000811cfe60,0x0000000085f80000)
 Metaspace       used 20404K, capacity 21294K, committed 21296K, reserved 1067008K
  class space    used 2727K, capacity 2942K, committed 2944K, reserved 1048576K
}
Event: 1.706 GC heap before
{Heap before GC invocations=7 (full 1):
 PSYoungGen      total 141312K, used 4795K [0x00000000d5900000, 0x00000000deb00000, 0x0000000100000000)
  eden space 133120K, 0% used [0x00000000d5900000,0x00000000d5900000,0x00000000ddb00000)
  from space 8192K, 58% used [0x00000000de300000,0x00000000de7aed98,0x00000000deb00000)
  to   space 8192K, 0% used [0x00000000ddb00000,0x00000000ddb00000,0x00000000de300000)
 ParOldGen       total 87552K, used 7999K [0x0000000080a00000, 0x0000000085f80000, 0x00000000d5900000)
  object space 87552K, 9% used [0x0000000080a00000,0x00000000811cfe60,0x0000000085f80000)
 Metaspace       used 20404K, capacity 21294K, committed 21296K, reserved 1067008K
  class space    used 2727K, capacity 2942K, committed 2944K, reserved 1048576K
Event: 1.733 GC heap after
Heap after GC invocations=7 (full 1):
 PSYoungGen      total 141312K, used 0K [0x00000000d5900000, 0x00000000deb00000, 0x0000000100000000)
  eden space 133120K, 0% used [0x00000000d5900000,0x00000000d5900000,0x00000000ddb00000)
  from space 8192K, 0% used [0x00000000de300000,0x00000000de300000,0x00000000deb00000)
  to   space 8192K, 0% used [0x00000000ddb00000,0x00000000ddb00000,0x00000000de300000)
 ParOldGen       total 50688K, used 6181K [0x0000000080a00000, 0x0000000083b80000, 0x00000000d5900000)
  object space 50688K, 12% used [0x0000000080a00000,0x0000000081009588,0x0000000083b80000)
 Metaspace       used 20402K, capacity 21288K, committed 21296K, reserved 1067008K
  class space    used 2727K, capacity 2941K, committed 2944K, reserved 1048576K
}

